Using pre-set license
Built from '2020.3/staging' branch; Version is '2020.3.14f1 (d0d1bb862f9d) revision 13685179'; Using compiler version '192528614'; Build Type 'Release'
OS: 'Windows 10 Pro; OS build 19043.1237; Version 2009; 64bit' Language: 'es' Physical Memory: 8135 MB
BatchMode: 1, IsHumanControllingUs: 0, StartBugReporterOnCrash: 0, Is64bit: 1, IsPro: 0

 COMMAND LINE ARGUMENTS:
C:\Program Files\Unity\Hub\Editor\2020.3.14f1\Editor\Unity.exe
-adb2
-batchMode
-noUpm
-name
AssetImportWorker0
-projectPath
D:/1r Curso/M6/UF2/Entregas y Examenes/Entregas/1. Test 2D/GitHub/Test-2D
-logFile
Logs/AssetImportWorker0.log
-srvPort
55594
Successfully changed project path to: D:/1r Curso/M6/UF2/Entregas y Examenes/Entregas/1. Test 2D/GitHub/Test-2D
D:/1r Curso/M6/UF2/Entregas y Examenes/Entregas/1. Test 2D/GitHub/Test-2D
Using Asset Import Pipeline V2.
Refreshing native plugins compatible for Editor in 43.61 ms, found 3 plugins.
Preloading 0 native plugins for Editor in 0.00 ms.
Initialize engine version: 2020.3.14f1 (d0d1bb862f9d)
[Subsystems] Discovering subsystems at path C:/Program Files/Unity/Hub/Editor/2020.3.14f1/Editor/Data/Resources/UnitySubsystems
[Subsystems] Discovering subsystems at path D:/1r Curso/M6/UF2/Entregas y Examenes/Entregas/1. Test 2D/GitHub/Test-2D/Assets
GfxDevice: creating device client; threaded=0
Direct3D:
    Version:  Direct3D 11.0 [level 11.1]
    Renderer: NVIDIA GeForce GTX 1050 Ti (ID=0x1c82)
    Vendor:   
    VRAM:     4018 MB
    Driver:   30.0.14.7141
Initialize mono
Mono path[0] = 'C:/Program Files/Unity/Hub/Editor/2020.3.14f1/Editor/Data/Managed'
Mono path[1] = 'C:/Program Files/Unity/Hub/Editor/2020.3.14f1/Editor/Data/MonoBleedingEdge/lib/mono/unityjit'
Mono config path = 'C:/Program Files/Unity/Hub/Editor/2020.3.14f1/Editor/Data/MonoBleedingEdge/etc'
Using monoOptions --debugger-agent=transport=dt_socket,embedding=1,server=y,suspend=n,address=127.0.0.1:56248
Begin MonoManager ReloadAssembly
Registering precompiled unity dll's ...
Register platform support module: C:/Program Files/Unity/Hub/Editor/2020.3.14f1/Editor/Data/PlaybackEngines/WindowsStandaloneSupport/UnityEditor.WindowsStandalone.Extensions.dll
Registered in 0.002204 seconds.
Native extension for WindowsStandalone target not found
Refreshing native plugins compatible for Editor in 42.64 ms, found 3 plugins.
Preloading 0 native plugins for Editor in 0.00 ms.
Mono: successfully reloaded assembly
- Completed reload, in  1.193 seconds
Domain Reload Profiling:
	ReloadAssembly (1193ms)
		BeginReloadAssembly (64ms)
			ExecutionOrderSort (0ms)
			DisableScriptedObjects (0ms)
			BackupInstance (0ms)
			ReleaseScriptingObjects (0ms)
			CreateAndSetChildDomain (1ms)
		EndReloadAssembly (458ms)
			LoadAssemblies (61ms)
			RebuildTransferFunctionScriptingTraits (0ms)
			SetupTypeCache (170ms)
			ReleaseScriptCaches (0ms)
			RebuildScriptCaches (35ms)
			SetupLoadedEditorAssemblies (178ms)
				LogAssemblyErrors (0ms)
				InitializePlatformSupportModulesInManaged (4ms)
				SetLoadedEditorAssemblies (0ms)
				RefreshPlugins (43ms)
				BeforeProcessingInitializeOnLoad (7ms)
				ProcessInitializeOnLoadAttributes (92ms)
				ProcessInitializeOnLoadMethodAttributes (32ms)
				AfterProcessingInitializeOnLoad (0ms)
				EditorAssembliesLoaded (0ms)
			ExecutionOrderSort2 (0ms)
			AwakeInstancesAfterBackupRestoration (0ms)
Platform modules already initialized, skipping
Registering precompiled user dll's ...
Registered in 0.004693 seconds.
Begin MonoManager ReloadAssembly
Native extension for WindowsStandalone target not found
Refreshing native plugins compatible for Editor in 41.36 ms, found 3 plugins.
Preloading 0 native plugins for Editor in 0.00 ms.
Mono: successfully reloaded assembly
- Completed reload, in  1.235 seconds
Domain Reload Profiling:
	ReloadAssembly (1236ms)
		BeginReloadAssembly (159ms)
			ExecutionOrderSort (0ms)
			DisableScriptedObjects (5ms)
			BackupInstance (0ms)
			ReleaseScriptingObjects (0ms)
			CreateAndSetChildDomain (19ms)
		EndReloadAssembly (1007ms)
			LoadAssemblies (101ms)
			RebuildTransferFunctionScriptingTraits (0ms)
			SetupTypeCache (339ms)
			ReleaseScriptCaches (0ms)
			RebuildScriptCaches (55ms)
			SetupLoadedEditorAssemblies (384ms)
				LogAssemblyErrors (0ms)
				InitializePlatformSupportModulesInManaged (5ms)
				SetLoadedEditorAssemblies (0ms)
				RefreshPlugins (41ms)
				BeforeProcessingInitializeOnLoad (82ms)
				ProcessInitializeOnLoadAttributes (234ms)
				ProcessInitializeOnLoadMethodAttributes (14ms)
				AfterProcessingInitializeOnLoad (7ms)
				EditorAssembliesLoaded (0ms)
			ExecutionOrderSort2 (0ms)
			AwakeInstancesAfterBackupRestoration (8ms)
Platform modules already initialized, skipping
========================================================================
Worker process is ready to serve import requests
Launched and connected shader compiler UnityShaderCompiler.exe after 0.05 seconds
Refreshing native plugins compatible for Editor in 0.43 ms, found 3 plugins.
Preloading 0 native plugins for Editor in 0.00 ms.
Unloading 2085 Unused Serialized files (Serialized files now loaded: 0)
System memory in use before: 93.0 MB.
System memory in use after: 92.9 MB.

Unloading 33 unused Assets to reduce memory usage. Loaded Objects now: 2518.
Total: 2.813700 ms (FindLiveObjects: 0.356200 ms CreateObjectMapping: 0.246400 ms MarkObjects: 2.034200 ms  DeleteObjects: 0.175900 ms)

AssetImportParameters requested are different than current active one (requested -> active):
  custom:framework-win-MediaFoundation: 216162199b28c13a410421893ffa2e32 -> 
  custom:video-decoder-ogg-theora: a1e56fd34408186e4bbccfd4996cb3dc -> 
  custom:container-muxer-webm: aa71ff27fc2769a1b78a27578f13a17b -> 
  custom:container-demuxer-webm: 4f35f7cbe854078d1ac9338744f61a02 -> 
  custom:container-demuxer-ogg: 62fdf1f143b41e24485cea50d1cbac27 -> 
  custom:video-encoder-webm-vp8: eb34c28f22e8b96e1ab97ce403110664 -> 
  custom:video-decoder-webm-vp8: 9c59270c3fd7afecdb556c50c9e8de78 -> 
  custom:audio-decoder-ogg-vorbis: bf7c407c2cedff20999df2af8eb42d56 -> 
  custom:audio-encoder-webm-vorbis: bf7c407c2cedff20999df2af8eb42d56 -> 
========================================================================
Received Import Request.
  path: Assets/Sprites/Sprites/Coins1.png
  artifactKey: Guid(3e50d474c16766f43a88e471e1aec55d) Importer(815301076,1909f56bfc062723c751e8b465ee728b)
Start importing Assets/Sprites/Sprites/Coins1.png using Guid(3e50d474c16766f43a88e471e1aec55d) Importer(815301076,1909f56bfc062723c751e8b465ee728b)  -> (artifact id: 'aa5ae370bbb8c20e79bb87c47a5cb02c') in 0.180214 seconds 
  Import took 0.187700 seconds .

========================================================================
Received Import Request.
  Time since last request: 0.000251 seconds.
  path: Assets/Sprites/Sprites/Hierbas.png
  artifactKey: Guid(d4923e08c6833e34d8d146b0301fface) Importer(815301076,1909f56bfc062723c751e8b465ee728b)
Start importing Assets/Sprites/Sprites/Hierbas.png using Guid(d4923e08c6833e34d8d146b0301fface) Importer(815301076,1909f56bfc062723c751e8b465ee728b)  -> (artifact id: 'b00ac910f7f05a0f4103dfb14144c30b') in 0.043473 seconds 
  Import took 0.049590 seconds .

========================================================================
Received Import Request.
  Time since last request: 0.000185 seconds.
  path: Assets/Sprites/Sprites/Castillo.png
  artifactKey: Guid(349b98e933dc19b4ba3f6d07f1484ee5) Importer(815301076,1909f56bfc062723c751e8b465ee728b)
Start importing Assets/Sprites/Sprites/Castillo.png using Guid(349b98e933dc19b4ba3f6d07f1484ee5) Importer(815301076,1909f56bfc062723c751e8b465ee728b)  -> (artifact id: 'c1005ff93ac522c1049bb31e4b0248f5') in 0.043645 seconds 
  Import took 0.048199 seconds .

========================================================================
Received Import Request.
  Time since last request: 0.000268 seconds.
  path: Assets/Sprites/Sprites/Mario.png
  artifactKey: Guid(fafeaa7808dc74e479add4ea7bb81383) Importer(815301076,1909f56bfc062723c751e8b465ee728b)
Start importing Assets/Sprites/Sprites/Mario.png using Guid(fafeaa7808dc74e479add4ea7bb81383) Importer(815301076,1909f56bfc062723c751e8b465ee728b)  -> (artifact id: 'ea19cb1625a10ae4778a2ea4dd206a7e') in 0.052439 seconds 
  Import took 0.056995 seconds .

========================================================================
Received Import Request.
  Time since last request: 0.000262 seconds.
  path: Assets/Sprites/Sprites/Banderas.png
  artifactKey: Guid(ab132a42adba99d49a4da2e6f4dc4f73) Importer(815301076,1909f56bfc062723c751e8b465ee728b)
Start importing Assets/Sprites/Sprites/Banderas.png using Guid(ab132a42adba99d49a4da2e6f4dc4f73) Importer(815301076,1909f56bfc062723c751e8b465ee728b)  -> (artifact id: '2fc0671cfc42eaca11654ebd3cb22dab') in 0.048356 seconds 
  Import took 0.054899 seconds .

========================================================================
Received Import Request.
  Time since last request: 0.000226 seconds.
  path: Assets/Sprites/Sprites/Tuberias.png
  artifactKey: Guid(cfc3138c318a69e4b87abd4dec062610) Importer(815301076,1909f56bfc062723c751e8b465ee728b)
Start importing Assets/Sprites/Sprites/Tuberias.png using Guid(cfc3138c318a69e4b87abd4dec062610) Importer(815301076,1909f56bfc062723c751e8b465ee728b)  -> (artifact id: 'eddacaa1d0a0922760a17490116ec01c') in 0.043614 seconds 
  Import took 0.049673 seconds .

========================================================================
Received Import Request.
  Time since last request: 0.000266 seconds.
  path: Assets/Sprites/Sprites/Montanas.png
  artifactKey: Guid(c3121e465ed92a64e992af6b52c22b7c) Importer(815301076,1909f56bfc062723c751e8b465ee728b)
Start importing Assets/Sprites/Sprites/Montanas.png using Guid(c3121e465ed92a64e992af6b52c22b7c) Importer(815301076,1909f56bfc062723c751e8b465ee728b)  -> (artifact id: '9259fe36503cbe0c148c0433c0953f30') in 0.044172 seconds 
  Import took 0.049405 seconds .

========================================================================
Received Import Request.
  Time since last request: 0.000242 seconds.
  path: Assets/Sprites/Sprites/Ladrillos.png
  artifactKey: Guid(1989f2b659f56414692bdca182aacee3) Importer(815301076,1909f56bfc062723c751e8b465ee728b)
Start importing Assets/Sprites/Sprites/Ladrillos.png using Guid(1989f2b659f56414692bdca182aacee3) Importer(815301076,1909f56bfc062723c751e8b465ee728b)  -> (artifact id: '1097f09f6fd22417cfeea2f5f99922c3') in 0.043512 seconds 
  Import took 0.048833 seconds .

========================================================================
Received Import Request.
  Time since last request: 0.000235 seconds.
  path: Assets/Sprites/Sprites
  artifactKey: Guid(680dac3174026ab41a2af34999d8f93a) Importer(815301076,1909f56bfc062723c751e8b465ee728b)
Start importing Assets/Sprites/Sprites using Guid(680dac3174026ab41a2af34999d8f93a) Importer(815301076,1909f56bfc062723c751e8b465ee728b)  -> (artifact id: 'd591a1c20f5c1e082f56e8801eadc088') in 0.017488 seconds 
  Import took 0.024084 seconds .

========================================================================
Received Import Request.
  Time since last request: 0.000266 seconds.
  path: Assets/Sprites/Sprites/Coins2.png
  artifactKey: Guid(0c5a1f19f66c2b145ad3993aead75bfe) Importer(815301076,1909f56bfc062723c751e8b465ee728b)
Start importing Assets/Sprites/Sprites/Coins2.png using Guid(0c5a1f19f66c2b145ad3993aead75bfe) Importer(815301076,1909f56bfc062723c751e8b465ee728b)  -> (artifact id: '8615b10772814a23aba0237b747c8f18') in 0.041455 seconds 
  Import took 0.047517 seconds .

========================================================================
Received Import Request.
  Time since last request: 0.000213 seconds.
  path: Assets/Sprites/Sprites/Super_Mario_Bros._Logo.png
  artifactKey: Guid(bc6567eeb82b8f946b4f160bfc31da02) Importer(815301076,1909f56bfc062723c751e8b465ee728b)
Start importing Assets/Sprites/Sprites/Super_Mario_Bros._Logo.png using Guid(bc6567eeb82b8f946b4f160bfc31da02) Importer(815301076,1909f56bfc062723c751e8b465ee728b)  -> (artifact id: '78ce4a3927ab21b42d3710fe29c72d60') in 0.090334 seconds 
  Import took 0.095225 seconds .

========================================================================
Received Import Request.
  Time since last request: 0.000319 seconds.
  path: Assets/Sprites/Sprites/Cajas.png
  artifactKey: Guid(ff297b550b12fe04a82d9d64b470624e) Importer(815301076,1909f56bfc062723c751e8b465ee728b)
Start importing Assets/Sprites/Sprites/Cajas.png using Guid(ff297b550b12fe04a82d9d64b470624e) Importer(815301076,1909f56bfc062723c751e8b465ee728b)  -> (artifact id: '1d31e381537bc2985a0213728547bf25') in 0.043688 seconds 
  Import took 0.048590 seconds .

========================================================================
Received Import Request.
  Time since last request: 0.000240 seconds.
  path: Assets/Sprites/Sprites/Goombas.png
  artifactKey: Guid(bc4344be724009c4e87eaad76e8edf1e) Importer(815301076,1909f56bfc062723c751e8b465ee728b)
Start importing Assets/Sprites/Sprites/Goombas.png using Guid(bc4344be724009c4e87eaad76e8edf1e) Importer(815301076,1909f56bfc062723c751e8b465ee728b)  -> (artifact id: '60e7e50a7a1672fba523695134c389a6') in 0.051194 seconds 
  Import took 0.057317 seconds .

========================================================================
Received Import Request.
  Time since last request: 0.000251 seconds.
  path: Assets/Sprites/Sprites/Nuves.png
  artifactKey: Guid(192fba364bf067442aadc8bd8c77400c) Importer(815301076,1909f56bfc062723c751e8b465ee728b)
Start importing Assets/Sprites/Sprites/Nuves.png using Guid(192fba364bf067442aadc8bd8c77400c) Importer(815301076,1909f56bfc062723c751e8b465ee728b)  -> (artifact id: 'e218532dc9f378cc8db26bfda840be6b') in 0.054522 seconds 
  Import took 0.058355 seconds .

========================================================================
Received Import Request.
  Time since last request: 33.586032 seconds.
  path: Assets/Scenes
  artifactKey: Guid(f7db0c3c86c031e49b5c4159971d9534) Importer(815301076,1909f56bfc062723c751e8b465ee728b)
Start importing Assets/Scenes using Guid(f7db0c3c86c031e49b5c4159971d9534) Importer(815301076,1909f56bfc062723c751e8b465ee728b)  -> (artifact id: 'a7c5c2ccae175813d896d471c47c39d7') in 0.017413 seconds 
  Import took 0.021037 seconds .

